Performing C SOURCE FILE Test CMAKE_HAVE_LIBC_PTHREAD failed with the following output:
Change Dir: /home/kim5/OASISBloc_github/OASISBlocChain/CMakeFiles/CMakeTmp

Run Build Command(s):/usr/bin/make cmTC_3fad4/fast && /usr/bin/make -f CMakeFiles/cmTC_3fad4.dir/build.make CMakeFiles/cmTC_3fad4.dir/build
make[1]: 디렉터리 '/home/kim5/OASISBloc_github/OASISBlocChain/CMakeFiles/CMakeTmp' 들어감
Building C object CMakeFiles/cmTC_3fad4.dir/src.c.o
/usr/bin/cc   -DCMAKE_HAVE_LIBC_PTHREAD   -o CMakeFiles/cmTC_3fad4.dir/src.c.o   -c /home/kim5/OASISBloc_github/OASISBlocChain/CMakeFiles/CMakeTmp/src.c
Linking C executable cmTC_3fad4
/usr/local/bin/cmake -E cmake_link_script CMakeFiles/cmTC_3fad4.dir/link.txt --verbose=1
/usr/bin/cc  -DCMAKE_HAVE_LIBC_PTHREAD    CMakeFiles/cmTC_3fad4.dir/src.c.o  -o cmTC_3fad4 
CMakeFiles/cmTC_3fad4.dir/src.c.o: In function `main':
src.c:(.text+0x3e): undefined reference to `pthread_create'
src.c:(.text+0x4a): undefined reference to `pthread_detach'
src.c:(.text+0x5b): undefined reference to `pthread_join'
src.c:(.text+0x6f): undefined reference to `pthread_atfork'
collect2: error: ld returned 1 exit status
CMakeFiles/cmTC_3fad4.dir/build.make:86: recipe for target 'cmTC_3fad4' failed
make[1]: *** [cmTC_3fad4] Error 1
make[1]: 디렉터리 '/home/kim5/OASISBloc_github/OASISBlocChain/CMakeFiles/CMakeTmp' 나감
Makefile:121: recipe for target 'cmTC_3fad4/fast' failed
make: *** [cmTC_3fad4/fast] Error 2


Source file was:
#include <pthread.h>

void* test_func(void* data)
{
  return data;
}

int main(void)
{
  pthread_t thread;
  pthread_create(&thread, NULL, test_func, NULL);
  pthread_detach(thread);
  pthread_join(thread, NULL);
  pthread_atfork(NULL, NULL, NULL);
  pthread_exit(NULL);

  return 0;
}

Determining if the function memset_s exists failed with the following output:
Change Dir: /home/kim5/OASISBloc_github/OASISBlocChain/CMakeFiles/CMakeTmp

Run Build Command(s):/usr/bin/make cmTC_aa0c5/fast && /usr/bin/make -f CMakeFiles/cmTC_aa0c5.dir/build.make CMakeFiles/cmTC_aa0c5.dir/build
make[1]: 디렉터리 '/home/kim5/OASISBloc_github/OASISBlocChain/CMakeFiles/CMakeTmp' 들어감
Building C object CMakeFiles/cmTC_aa0c5.dir/CheckFunctionExists.c.o
/usr/bin/cc   -pedantic -Wall -Wextra -Werror -Wno-format-zero-length -Wno-implicit-fallthrough -Wformat -Wformat-security -flto -fstack-protector-all -Wl,-z,relro,-z,now -DCHECK_FUNCTION_EXISTS=memset_s   -o CMakeFiles/cmTC_aa0c5.dir/CheckFunctionExists.c.o   -c /usr/local/share/cmake-3.15/Modules/CheckFunctionExists.c
Linking C executable cmTC_aa0c5
/usr/local/bin/cmake -E cmake_link_script CMakeFiles/cmTC_aa0c5.dir/link.txt --verbose=1
/usr/bin/cc  -pedantic -Wall -Wextra -Werror -Wno-format-zero-length -Wno-implicit-fallthrough -Wformat -Wformat-security -flto -fstack-protector-all -Wl,-z,relro,-z,now -DCHECK_FUNCTION_EXISTS=memset_s    -rdynamic CMakeFiles/cmTC_aa0c5.dir/CheckFunctionExists.c.o  -o cmTC_aa0c5 
/tmp/ccdnRHkY.ltrans0.ltrans.o: In function `main':
<artificial>:(.text+0x1f): undefined reference to `memset_s'
collect2: error: ld returned 1 exit status
CMakeFiles/cmTC_aa0c5.dir/build.make:86: recipe for target 'cmTC_aa0c5' failed
make[1]: *** [cmTC_aa0c5] Error 1
make[1]: 디렉터리 '/home/kim5/OASISBloc_github/OASISBlocChain/CMakeFiles/CMakeTmp' 나감
Makefile:121: recipe for target 'cmTC_aa0c5/fast' failed
make: *** [cmTC_aa0c5/fast] Error 2



